[debug] [2017-09-13T20:10:20.591Z] ----------------------------------------------------------------------
[debug] [2017-09-13T20:10:20.593Z] Command:       /usr/local/bin/node /usr/local/bin/firebase deploy
[debug] [2017-09-13T20:10:20.593Z] CLI Version:   3.10.1
[debug] [2017-09-13T20:10:20.593Z] Platform:      darwin
[debug] [2017-09-13T20:10:20.593Z] Node Version:  v9.0.0-pre
[debug] [2017-09-13T20:10:20.594Z] Time:          Wed Sep 13 2017 14:10:20 GMT-0600 (MDT)
[debug] [2017-09-13T20:10:20.594Z] ----------------------------------------------------------------------
[debug] 
[debug] [2017-09-13T20:10:20.603Z] > command requires scopes: ["email","openid","https://www.googleapis.com/auth/cloudplatformprojects.readonly","https://www.googleapis.com/auth/firebase","https://www.googleapis.com/auth/cloud-platform"]
[debug] [2017-09-13T20:10:20.603Z] > authorizing via signed-in user
[debug] [2017-09-13T20:10:20.606Z] > refreshing access token with scopes: ["email","https://www.googleapis.com/auth/cloud-platform","https://www.googleapis.com/auth/cloudplatformprojects.readonly","https://www.googleapis.com/auth/firebase","openid"]
[debug] [2017-09-13T20:10:20.606Z] >>> HTTP REQUEST POST https://www.googleapis.com/oauth2/v3/token { refresh_token: '1/or0xfGG1VfPiOBGexDeH_m2BL8WLkK2R-la8xUc0600',
  client_id: '563584335869-fgrhgmd47bqnekij5i8b5pr03ho849e6.apps.googleusercontent.com',
  client_secret: 'j9iVZfS8kkCEFUPaAeJV0sAi',
  grant_type: 'refresh_token',
  scope: 'email https://www.googleapis.com/auth/cloud-platform https://www.googleapis.com/auth/cloudplatformprojects.readonly https://www.googleapis.com/auth/firebase openid' } 
 Wed Sep 13 2017 14:10:20 GMT-0600 (MDT)
[debug] [2017-09-13T20:10:20.887Z] <<< HTTP RESPONSE 200
[debug] [2017-09-13T20:10:20.908Z] >>> HTTP REQUEST GET https://admin.firebase.com/v1/projects/langlang-4072a  
 Wed Sep 13 2017 14:10:20 GMT-0600 (MDT)
[debug] [2017-09-13T20:10:21.190Z] <<< HTTP RESPONSE 200
[debug] [2017-09-13T20:10:21.191Z] >>> HTTP REQUEST GET https://admin.firebase.com/v1/database/langlang-4072a/tokens  
 Wed Sep 13 2017 14:10:21 GMT-0600 (MDT)
[debug] [2017-09-13T20:10:21.679Z] <<< HTTP RESPONSE 200
[info] 
